<?xml version="1.0" encoding="UTF-8"?>
<testsuite name="test_access_manager_access_tests.TestAccessRequestCode-20210417213910" tests="1" file="test_access_manager_access_tests.py" time="0.000" timestamp="2021-04-17T21:39:11" failures="0" errors="0" skipped="0">
	<testcase classname="test_access_manager_access_tests.TestAccessRequestCode" name="test_request_access_code_dni_ok" time="0.000" timestamp="2021-04-17T21:39:11"/>
</testsuite>
