<?xml version="1.0" encoding="UTF-8"?>
<testsuite name="test_request_access_code_tests.MyTestCase-20210406222445" tests="1" file="test_request_access_code_tests.py" time="0.010" timestamp="2021-04-06T22:24:46" failures="0" errors="0" skipped="0">
	<testcase classname="test_request_access_code_tests.MyTestCase" name="test_something" time="0.010" timestamp="2021-04-06T22:24:46"/>
</testsuite>
